|-------> Iniciando log.....
|-------> Registrando o driver.....
|-------> Iniciando log.....
|-------> Registrando o driver.....
|-------> Iniciando log.....
|-------> Registrando o driver.....
|-------> Iniciando log.....
|-------> Registrando o driver.....
|-------> Iniciando log.....
|-------> Registrando o driver.....
|-------> Iniciando log.....
|-------> Registrando o driver.....
|-------> Iniciando log.....
|-------> Registrando o driver.....
|-------> Iniciando log.....
|-------> Registrando o driver.....
|-------> Iniciando log.....
|-------> Registrando o driver.....
|-------> Iniciando log.....
|-------> Registrando o driver.....
|-------> Iniciando log.....
|-------> Registrando o driver.....
|-------> Iniciando log.....
|-------> Registrando o driver.....
|-------> Iniciando log.....
|-------> Registrando o driver.....
|-------> Realizando a conexão.....
DriverManager.getConnection("jdbc:oracle:thin:@localhost:1521:xe")
    trying oracle.jdbc.OracleDriver
getConnection returning oracle.jdbc.OracleDriver
|-------> Conexão estabelecida.....
SQLState(42000) vendor code(942)
java.sql.SQLSyntaxErrorException: ORA-00942: a tabela ou view não existe

	at oracle.jdbc.driver.SQLStateMapping.newSQLException(SQLStateMapping.java:256)
	at oracle.jdbc.driver.DatabaseError.newSQLException(DatabaseError.java:193)
	at oracle.jdbc.driver.DatabaseError.createSqlException(DatabaseError.java:364)
	at oracle.jdbc.driver.T4CTTIoer.processError(T4CTTIoer.java:451)
	at oracle.jdbc.driver.T4CTTIoer.processError(T4CTTIoer.java:392)
	at oracle.jdbc.driver.T4CTTIoer.processError(T4CTTIoer.java:384)
	at oracle.jdbc.driver.T4CTTIfun.processError(T4CTTIfun.java:657)
	at oracle.jdbc.driver.T4CTTIfun.receive(T4CTTIfun.java:471)
	at oracle.jdbc.driver.T4CTTIfun.doRPC(T4CTTIfun.java:199)
	at oracle.jdbc.driver.T4C8Odscrarr.doODNY(T4C8Odscrarr.java:96)
	at oracle.jdbc.driver.T4CConnection.doDescribeTable(T4CConnection.java:7120)
	at oracle.jdbc.driver.PhysicalConnection.prepareStatement(PhysicalConnection.java:12866)
	at br.edu.opet.gastronomia.dao.UnidadeMedidaDao.create(UnidadeMedidaDao.java:35)
	at br.edu.opet.gastronomia.teste.ProdutoDaoTeste.main(ProdutoDaoTeste.java:25)
SQLState.. :42000
Error Code :942
SQLState(42000) vendor code(942)
java.sql.SQLSyntaxErrorException: ORA-00942: a tabela ou view não existe

	at oracle.jdbc.driver.SQLStateMapping.newSQLException(SQLStateMapping.java:256)
	at oracle.jdbc.driver.DatabaseError.newSQLException(DatabaseError.java:193)
	at oracle.jdbc.driver.DatabaseError.createSqlException(DatabaseError.java:364)
	at oracle.jdbc.driver.T4CTTIoer.processError(T4CTTIoer.java:451)
	at oracle.jdbc.driver.T4CTTIoer.processError(T4CTTIoer.java:392)
	at oracle.jdbc.driver.T4CTTIoer.processError(T4CTTIoer.java:384)
	at oracle.jdbc.driver.T4CTTIfun.processError(T4CTTIfun.java:657)
	at oracle.jdbc.driver.T4CTTIfun.receive(T4CTTIfun.java:471)
	at oracle.jdbc.driver.T4CTTIfun.doRPC(T4CTTIfun.java:199)
	at oracle.jdbc.driver.T4C8Odscrarr.doODNY(T4C8Odscrarr.java:96)
	at oracle.jdbc.driver.T4CConnection.doDescribeTable(T4CConnection.java:7120)
	at oracle.jdbc.driver.PhysicalConnection.prepareStatement(PhysicalConnection.java:12866)
	at br.edu.opet.gastronomia.dao.UnidadeMedidaDao.create(UnidadeMedidaDao.java:35)
	at br.edu.opet.gastronomia.teste.ProdutoDaoTeste.main(ProdutoDaoTeste.java:30)
SQLState.. :42000
Error Code :942
SQLState(42000) vendor code(942)
java.sql.SQLSyntaxErrorException: ORA-00942: a tabela ou view não existe

	at oracle.jdbc.driver.SQLStateMapping.newSQLException(SQLStateMapping.java:256)
	at oracle.jdbc.driver.DatabaseError.newSQLException(DatabaseError.java:193)
	at oracle.jdbc.driver.DatabaseError.createSqlException(DatabaseError.java:364)
	at oracle.jdbc.driver.T4CTTIoer.processError(T4CTTIoer.java:451)
	at oracle.jdbc.driver.T4CTTIoer.processError(T4CTTIoer.java:392)
	at oracle.jdbc.driver.T4CTTIoer.processError(T4CTTIoer.java:384)
	at oracle.jdbc.driver.T4CTTIfun.processError(T4CTTIfun.java:657)
	at oracle.jdbc.driver.T4CTTIfun.receive(T4CTTIfun.java:471)
	at oracle.jdbc.driver.T4CTTIfun.doRPC(T4CTTIfun.java:199)
	at oracle.jdbc.driver.T4C8Odscrarr.doODNY(T4C8Odscrarr.java:96)
	at oracle.jdbc.driver.T4CConnection.doDescribeTable(T4CConnection.java:7120)
	at oracle.jdbc.driver.PhysicalConnection.prepareStatement(PhysicalConnection.java:12866)
	at br.edu.opet.gastronomia.dao.ProdutoDao.create(ProdutoDao.java:39)
	at br.edu.opet.gastronomia.teste.ProdutoDaoTeste.main(ProdutoDaoTeste.java:44)
SQLState.. :42000
Error Code :942
SQLState(42000) vendor code(942)
java.sql.SQLSyntaxErrorException: ORA-00942: a tabela ou view não existe

	at oracle.jdbc.driver.SQLStateMapping.newSQLException(SQLStateMapping.java:256)
	at oracle.jdbc.driver.DatabaseError.newSQLException(DatabaseError.java:193)
	at oracle.jdbc.driver.DatabaseError.createSqlException(DatabaseError.java:364)
	at oracle.jdbc.driver.T4CTTIoer.processError(T4CTTIoer.java:451)
	at oracle.jdbc.driver.T4CTTIoer.processError(T4CTTIoer.java:392)
	at oracle.jdbc.driver.T4CTTIoer.processError(T4CTTIoer.java:384)
	at oracle.jdbc.driver.T4CTTIfun.processError(T4CTTIfun.java:657)
	at oracle.jdbc.driver.T4CTTIfun.receive(T4CTTIfun.java:471)
	at oracle.jdbc.driver.T4CTTIfun.doRPC(T4CTTIfun.java:199)
	at oracle.jdbc.driver.T4C8Odscrarr.doODNY(T4C8Odscrarr.java:96)
	at oracle.jdbc.driver.T4CConnection.doDescribeTable(T4CConnection.java:7120)
	at oracle.jdbc.driver.PhysicalConnection.prepareStatement(PhysicalConnection.java:12866)
	at br.edu.opet.gastronomia.dao.ProdutoDao.create(ProdutoDao.java:39)
	at br.edu.opet.gastronomia.teste.ProdutoDaoTeste.main(ProdutoDaoTeste.java:49)
SQLState.. :42000
Error Code :942
SQLState(42000) vendor code(942)
java.sql.SQLSyntaxErrorException: ORA-00942: a tabela ou view não existe

	at oracle.jdbc.driver.SQLStateMapping.newSQLException(SQLStateMapping.java:256)
	at oracle.jdbc.driver.DatabaseError.newSQLException(DatabaseError.java:193)
	at oracle.jdbc.driver.DatabaseError.createSqlException(DatabaseError.java:364)
	at oracle.jdbc.driver.T4CTTIoer.processError(T4CTTIoer.java:451)
	at oracle.jdbc.driver.T4CTTIoer.processError(T4CTTIoer.java:392)
	at oracle.jdbc.driver.T4CTTIoer.processError(T4CTTIoer.java:384)
	at oracle.jdbc.driver.T4CTTIfun.processError(T4CTTIfun.java:657)
	at oracle.jdbc.driver.T4CTTIfun.receive(T4CTTIfun.java:471)
	at oracle.jdbc.driver.T4CTTIfun.doRPC(T4CTTIfun.java:199)
	at oracle.jdbc.driver.T4C8Odscrarr.doODNY(T4C8Odscrarr.java:96)
	at oracle.jdbc.driver.T4CConnection.doDescribeTable(T4CConnection.java:7120)
	at oracle.jdbc.driver.PhysicalConnection.prepareStatement(PhysicalConnection.java:12866)
	at br.edu.opet.gastronomia.dao.ProdutoDao.create(ProdutoDao.java:39)
	at br.edu.opet.gastronomia.teste.ProdutoDaoTeste.main(ProdutoDaoTeste.java:54)
SQLState.. :42000
Error Code :942
|-------> Iniciando log.....
|-------> Registrando o driver.....
|-------> Realizando a conexão.....
DriverManager.getConnection("jdbc:oracle:thin:@localhost:1521:xe")
    trying oracle.jdbc.OracleDriver
getConnection returning oracle.jdbc.OracleDriver
|-------> Conexão estabelecida.....
SQLState(42000) vendor code(942)
java.sql.SQLSyntaxErrorException: ORA-00942: a tabela ou view não existe

	at oracle.jdbc.driver.SQLStateMapping.newSQLException(SQLStateMapping.java:256)
	at oracle.jdbc.driver.DatabaseError.newSQLException(DatabaseError.java:193)
	at oracle.jdbc.driver.DatabaseError.createSqlException(DatabaseError.java:364)
	at oracle.jdbc.driver.T4CTTIoer.processError(T4CTTIoer.java:451)
	at oracle.jdbc.driver.T4CTTIoer.processError(T4CTTIoer.java:400)
	at oracle.jdbc.driver.T4C8Oall.processError(T4C8Oall.java:884)
	at oracle.jdbc.driver.T4CTTIfun.receive(T4CTTIfun.java:471)
	at oracle.jdbc.driver.T4CTTIfun.doRPC(T4CTTIfun.java:199)
	at oracle.jdbc.driver.T4C8Oall.doOALL(T4C8Oall.java:535)
	at oracle.jdbc.driver.T4CPreparedStatement.doOall8(T4CPreparedStatement.java:238)
	at oracle.jdbc.driver.T4CPreparedStatement.executeForDescribe(T4CPreparedStatement.java:1196)
	at oracle.jdbc.driver.OracleStatement.executeMaybeDescribe(OracleStatement.java:1444)
	at oracle.jdbc.driver.OracleStatement.doExecuteWithTimeout(OracleStatement.java:1662)
	at oracle.jdbc.driver.OraclePreparedStatement.executeInternal(OraclePreparedStatement.java:4364)
	at oracle.jdbc.driver.OraclePreparedStatement.executeQuery(OraclePreparedStatement.java:4445)
	at oracle.jdbc.driver.OraclePreparedStatementWrapper.executeQuery(OraclePreparedStatementWrapper.java:6268)
	at br.edu.opet.gastronomia.dao.UnidadeMedidaDao.recoveryByDescricao(UnidadeMedidaDao.java:116)
	at br.edu.opet.gastronomia.controller.UnidadeMedidaController.cadastrar(UnidadeMedidaController.java:18)
	at br.edu.opet.gastronomia.teste.UnidadeMedidaControllerTeste.main(UnidadeMedidaControllerTeste.java:26)
SQLState.. :42000
Error Code :942
SQLState(42000) vendor code(942)
java.sql.SQLSyntaxErrorException: ORA-00942: a tabela ou view não existe

	at oracle.jdbc.driver.SQLStateMapping.newSQLException(SQLStateMapping.java:256)
	at oracle.jdbc.driver.DatabaseError.newSQLException(DatabaseError.java:193)
	at oracle.jdbc.driver.DatabaseError.createSqlException(DatabaseError.java:364)
	at oracle.jdbc.driver.T4CTTIoer.processError(T4CTTIoer.java:451)
	at oracle.jdbc.driver.T4CTTIoer.processError(T4CTTIoer.java:392)
	at oracle.jdbc.driver.T4CTTIoer.processError(T4CTTIoer.java:384)
	at oracle.jdbc.driver.T4CTTIfun.processError(T4CTTIfun.java:657)
	at oracle.jdbc.driver.T4CTTIfun.receive(T4CTTIfun.java:471)
	at oracle.jdbc.driver.T4CTTIfun.doRPC(T4CTTIfun.java:199)
	at oracle.jdbc.driver.T4C8Odscrarr.doODNY(T4C8Odscrarr.java:96)
	at oracle.jdbc.driver.T4CConnection.doDescribeTable(T4CConnection.java:7120)
	at oracle.jdbc.driver.PhysicalConnection.prepareStatement(PhysicalConnection.java:12866)
	at br.edu.opet.gastronomia.dao.UnidadeMedidaDao.create(UnidadeMedidaDao.java:35)
	at br.edu.opet.gastronomia.controller.UnidadeMedidaController.cadastrar(UnidadeMedidaController.java:22)
	at br.edu.opet.gastronomia.teste.UnidadeMedidaControllerTeste.main(UnidadeMedidaControllerTeste.java:26)
SQLState.. :42000
Error Code :942
SQLState(42000) vendor code(942)
java.sql.SQLSyntaxErrorException: ORA-00942: a tabela ou view não existe

	at oracle.jdbc.driver.SQLStateMapping.newSQLException(SQLStateMapping.java:256)
	at oracle.jdbc.driver.DatabaseError.newSQLException(DatabaseError.java:193)
	at oracle.jdbc.driver.DatabaseError.createSqlException(DatabaseError.java:364)
	at oracle.jdbc.driver.T4CTTIoer.processError(T4CTTIoer.java:451)
	at oracle.jdbc.driver.T4CTTIoer.processError(T4CTTIoer.java:400)
	at oracle.jdbc.driver.T4C8Oall.processError(T4C8Oall.java:884)
	at oracle.jdbc.driver.T4CTTIfun.receive(T4CTTIfun.java:471)
	at oracle.jdbc.driver.T4CTTIfun.doRPC(T4CTTIfun.java:199)
	at oracle.jdbc.driver.T4C8Oall.doOALL(T4C8Oall.java:535)
	at oracle.jdbc.driver.T4CPreparedStatement.doOall8(T4CPreparedStatement.java:238)
	at oracle.jdbc.driver.T4CPreparedStatement.executeForDescribe(T4CPreparedStatement.java:1196)
	at oracle.jdbc.driver.OracleStatement.executeMaybeDescribe(OracleStatement.java:1444)
	at oracle.jdbc.driver.OracleStatement.doExecuteWithTimeout(OracleStatement.java:1662)
	at oracle.jdbc.driver.OraclePreparedStatement.executeInternal(OraclePreparedStatement.java:4364)
	at oracle.jdbc.driver.OraclePreparedStatement.executeQuery(OraclePreparedStatement.java:4445)
	at oracle.jdbc.driver.OraclePreparedStatementWrapper.executeQuery(OraclePreparedStatementWrapper.java:6268)
	at br.edu.opet.gastronomia.dao.UnidadeMedidaDao.recoveryByDescricao(UnidadeMedidaDao.java:116)
	at br.edu.opet.gastronomia.controller.UnidadeMedidaController.cadastrar(UnidadeMedidaController.java:18)
	at br.edu.opet.gastronomia.teste.UnidadeMedidaControllerTeste.main(UnidadeMedidaControllerTeste.java:37)
SQLState.. :42000
Error Code :942
SQLState(42000) vendor code(942)
java.sql.SQLSyntaxErrorException: ORA-00942: a tabela ou view não existe

	at oracle.jdbc.driver.SQLStateMapping.newSQLException(SQLStateMapping.java:256)
	at oracle.jdbc.driver.DatabaseError.newSQLException(DatabaseError.java:193)
	at oracle.jdbc.driver.DatabaseError.createSqlException(DatabaseError.java:364)
	at oracle.jdbc.driver.T4CTTIoer.processError(T4CTTIoer.java:451)
	at oracle.jdbc.driver.T4CTTIoer.processError(T4CTTIoer.java:392)
	at oracle.jdbc.driver.T4CTTIoer.processError(T4CTTIoer.java:384)
	at oracle.jdbc.driver.T4CTTIfun.processError(T4CTTIfun.java:657)
	at oracle.jdbc.driver.T4CTTIfun.receive(T4CTTIfun.java:471)
	at oracle.jdbc.driver.T4CTTIfun.doRPC(T4CTTIfun.java:199)
	at oracle.jdbc.driver.T4C8Odscrarr.doODNY(T4C8Odscrarr.java:96)
	at oracle.jdbc.driver.T4CConnection.doDescribeTable(T4CConnection.java:7120)
	at oracle.jdbc.driver.PhysicalConnection.prepareStatement(PhysicalConnection.java:12866)
	at br.edu.opet.gastronomia.dao.UnidadeMedidaDao.create(UnidadeMedidaDao.java:35)
	at br.edu.opet.gastronomia.controller.UnidadeMedidaController.cadastrar(UnidadeMedidaController.java:22)
	at br.edu.opet.gastronomia.teste.UnidadeMedidaControllerTeste.main(UnidadeMedidaControllerTeste.java:37)
SQLState.. :42000
Error Code :942
SQLState(42000) vendor code(942)
java.sql.SQLSyntaxErrorException: ORA-00942: a tabela ou view não existe

	at oracle.jdbc.driver.SQLStateMapping.newSQLException(SQLStateMapping.java:256)
	at oracle.jdbc.driver.DatabaseError.newSQLException(DatabaseError.java:193)
	at oracle.jdbc.driver.DatabaseError.createSqlException(DatabaseError.java:364)
	at oracle.jdbc.driver.T4CTTIoer.processError(T4CTTIoer.java:451)
	at oracle.jdbc.driver.T4CTTIoer.processError(T4CTTIoer.java:400)
	at oracle.jdbc.driver.T4C8Oall.processError(T4C8Oall.java:884)
	at oracle.jdbc.driver.T4CTTIfun.receive(T4CTTIfun.java:471)
	at oracle.jdbc.driver.T4CTTIfun.doRPC(T4CTTIfun.java:199)
	at oracle.jdbc.driver.T4C8Oall.doOALL(T4C8Oall.java:535)
	at oracle.jdbc.driver.T4CPreparedStatement.doOall8(T4CPreparedStatement.java:238)
	at oracle.jdbc.driver.T4CPreparedStatement.executeForDescribe(T4CPreparedStatement.java:1196)
	at oracle.jdbc.driver.OracleStatement.executeMaybeDescribe(OracleStatement.java:1444)
	at oracle.jdbc.driver.OracleStatement.doExecuteWithTimeout(OracleStatement.java:1662)
	at oracle.jdbc.driver.OraclePreparedStatement.executeInternal(OraclePreparedStatement.java:4364)
	at oracle.jdbc.driver.OraclePreparedStatement.executeQuery(OraclePreparedStatement.java:4445)
	at oracle.jdbc.driver.OraclePreparedStatementWrapper.executeQuery(OraclePreparedStatementWrapper.java:6268)
	at br.edu.opet.gastronomia.dao.UnidadeMedidaDao.recoveryByDescricao(UnidadeMedidaDao.java:116)
	at br.edu.opet.gastronomia.controller.UnidadeMedidaController.cadastrar(UnidadeMedidaController.java:18)
	at br.edu.opet.gastronomia.teste.UnidadeMedidaControllerTeste.main(UnidadeMedidaControllerTeste.java:48)
SQLState.. :42000
Error Code :942
SQLState(42000) vendor code(942)
java.sql.SQLSyntaxErrorException: ORA-00942: a tabela ou view não existe

	at oracle.jdbc.driver.SQLStateMapping.newSQLException(SQLStateMapping.java:256)
	at oracle.jdbc.driver.DatabaseError.newSQLException(DatabaseError.java:193)
	at oracle.jdbc.driver.DatabaseError.createSqlException(DatabaseError.java:364)
	at oracle.jdbc.driver.T4CTTIoer.processError(T4CTTIoer.java:451)
	at oracle.jdbc.driver.T4CTTIoer.processError(T4CTTIoer.java:392)
	at oracle.jdbc.driver.T4CTTIoer.processError(T4CTTIoer.java:384)
	at oracle.jdbc.driver.T4CTTIfun.processError(T4CTTIfun.java:657)
	at oracle.jdbc.driver.T4CTTIfun.receive(T4CTTIfun.java:471)
	at oracle.jdbc.driver.T4CTTIfun.doRPC(T4CTTIfun.java:199)
	at oracle.jdbc.driver.T4C8Odscrarr.doODNY(T4C8Odscrarr.java:96)
	at oracle.jdbc.driver.T4CConnection.doDescribeTable(T4CConnection.java:7120)
	at oracle.jdbc.driver.PhysicalConnection.prepareStatement(PhysicalConnection.java:12866)
	at br.edu.opet.gastronomia.dao.UnidadeMedidaDao.create(UnidadeMedidaDao.java:35)
	at br.edu.opet.gastronomia.controller.UnidadeMedidaController.cadastrar(UnidadeMedidaController.java:22)
	at br.edu.opet.gastronomia.teste.UnidadeMedidaControllerTeste.main(UnidadeMedidaControllerTeste.java:48)
SQLState.. :42000
Error Code :942
SQLState(42000) vendor code(942)
java.sql.SQLSyntaxErrorException: ORA-00942: a tabela ou view não existe

	at oracle.jdbc.driver.SQLStateMapping.newSQLException(SQLStateMapping.java:256)
	at oracle.jdbc.driver.DatabaseError.newSQLException(DatabaseError.java:193)
	at oracle.jdbc.driver.DatabaseError.createSqlException(DatabaseError.java:364)
	at oracle.jdbc.driver.T4CTTIoer.processError(T4CTTIoer.java:451)
	at oracle.jdbc.driver.T4CTTIoer.processError(T4CTTIoer.java:400)
	at oracle.jdbc.driver.T4C8Oall.processError(T4C8Oall.java:884)
	at oracle.jdbc.driver.T4CTTIfun.receive(T4CTTIfun.java:471)
	at oracle.jdbc.driver.T4CTTIfun.doRPC(T4CTTIfun.java:199)
	at oracle.jdbc.driver.T4C8Oall.doOALL(T4C8Oall.java:535)
	at oracle.jdbc.driver.T4CPreparedStatement.doOall8(T4CPreparedStatement.java:238)
	at oracle.jdbc.driver.T4CPreparedStatement.executeForDescribe(T4CPreparedStatement.java:1196)
	at oracle.jdbc.driver.OracleStatement.executeMaybeDescribe(OracleStatement.java:1444)
	at oracle.jdbc.driver.OracleStatement.doExecuteWithTimeout(OracleStatement.java:1662)
	at oracle.jdbc.driver.OraclePreparedStatement.executeInternal(OraclePreparedStatement.java:4364)
	at oracle.jdbc.driver.OraclePreparedStatement.executeQuery(OraclePreparedStatement.java:4445)
	at oracle.jdbc.driver.OraclePreparedStatementWrapper.executeQuery(OraclePreparedStatementWrapper.java:6268)
	at br.edu.opet.gastronomia.dao.UnidadeMedidaDao.recoveryByDescricao(UnidadeMedidaDao.java:116)
	at br.edu.opet.gastronomia.controller.UnidadeMedidaController.cadastrar(UnidadeMedidaController.java:18)
	at br.edu.opet.gastronomia.teste.UnidadeMedidaControllerTeste.main(UnidadeMedidaControllerTeste.java:67)
SQLState.. :42000
Error Code :942
SQLState(42000) vendor code(942)
java.sql.SQLSyntaxErrorException: ORA-00942: a tabela ou view não existe

	at oracle.jdbc.driver.SQLStateMapping.newSQLException(SQLStateMapping.java:256)
	at oracle.jdbc.driver.DatabaseError.newSQLException(DatabaseError.java:193)
	at oracle.jdbc.driver.DatabaseError.createSqlException(DatabaseError.java:364)
	at oracle.jdbc.driver.T4CTTIoer.processError(T4CTTIoer.java:451)
	at oracle.jdbc.driver.T4CTTIoer.processError(T4CTTIoer.java:392)
	at oracle.jdbc.driver.T4CTTIoer.processError(T4CTTIoer.java:384)
	at oracle.jdbc.driver.T4CTTIfun.processError(T4CTTIfun.java:657)
	at oracle.jdbc.driver.T4CTTIfun.receive(T4CTTIfun.java:471)
	at oracle.jdbc.driver.T4CTTIfun.doRPC(T4CTTIfun.java:199)
	at oracle.jdbc.driver.T4C8Odscrarr.doODNY(T4C8Odscrarr.java:96)
	at oracle.jdbc.driver.T4CConnection.doDescribeTable(T4CConnection.java:7120)
	at oracle.jdbc.driver.PhysicalConnection.prepareStatement(PhysicalConnection.java:12866)
	at br.edu.opet.gastronomia.dao.UnidadeMedidaDao.create(UnidadeMedidaDao.java:35)
	at br.edu.opet.gastronomia.controller.UnidadeMedidaController.cadastrar(UnidadeMedidaController.java:22)
	at br.edu.opet.gastronomia.teste.UnidadeMedidaControllerTeste.main(UnidadeMedidaControllerTeste.java:67)
SQLState.. :42000
Error Code :942
SQLState(42000) vendor code(942)
java.sql.SQLSyntaxErrorException: ORA-00942: a tabela ou view não existe

	at oracle.jdbc.driver.SQLStateMapping.newSQLException(SQLStateMapping.java:256)
	at oracle.jdbc.driver.DatabaseError.newSQLException(DatabaseError.java:193)
	at oracle.jdbc.driver.DatabaseError.createSqlException(DatabaseError.java:364)
	at oracle.jdbc.driver.T4CTTIoer.processError(T4CTTIoer.java:451)
	at oracle.jdbc.driver.T4CTTIoer.processError(T4CTTIoer.java:400)
	at oracle.jdbc.driver.T4C8Oall.processError(T4C8Oall.java:884)
	at oracle.jdbc.driver.T4CTTIfun.receive(T4CTTIfun.java:471)
	at oracle.jdbc.driver.T4CTTIfun.doRPC(T4CTTIfun.java:199)
	at oracle.jdbc.driver.T4C8Oall.doOALL(T4C8Oall.java:535)
	at oracle.jdbc.driver.T4CPreparedStatement.doOall8(T4CPreparedStatement.java:238)
	at oracle.jdbc.driver.T4CPreparedStatement.executeForRows(T4CPreparedStatement.java:1385)
	at oracle.jdbc.driver.OracleStatement.doExecuteWithTimeout(OracleStatement.java:1709)
	at oracle.jdbc.driver.OraclePreparedStatement.executeInternal(OraclePreparedStatement.java:4364)
	at oracle.jdbc.driver.OraclePreparedStatement.executeUpdate(OraclePreparedStatement.java:4531)
	at oracle.jdbc.driver.OraclePreparedStatementWrapper.executeUpdate(OraclePreparedStatementWrapper.java:5575)
	at br.edu.opet.gastronomia.dao.UnidadeMedidaDao.delete(UnidadeMedidaDao.java:187)
	at br.edu.opet.gastronomia.controller.UnidadeMedidaController.remover(UnidadeMedidaController.java:67)
	at br.edu.opet.gastronomia.teste.UnidadeMedidaControllerTeste.main(UnidadeMedidaControllerTeste.java:175)
SQLState.. :42000
Error Code :942
SQLState(42000) vendor code(942)
java.sql.SQLSyntaxErrorException: ORA-00942: a tabela ou view não existe

	at oracle.jdbc.driver.SQLStateMapping.newSQLException(SQLStateMapping.java:256)
	at oracle.jdbc.driver.DatabaseError.newSQLException(DatabaseError.java:193)
	at oracle.jdbc.driver.DatabaseError.createSqlException(DatabaseError.java:364)
	at oracle.jdbc.driver.T4CTTIoer.processError(T4CTTIoer.java:451)
	at oracle.jdbc.driver.T4CTTIoer.processError(T4CTTIoer.java:400)
	at oracle.jdbc.driver.T4C8Oall.processError(T4C8Oall.java:884)
	at oracle.jdbc.driver.T4CTTIfun.receive(T4CTTIfun.java:471)
	at oracle.jdbc.driver.T4CTTIfun.doRPC(T4CTTIfun.java:199)
	at oracle.jdbc.driver.T4C8Oall.doOALL(T4C8Oall.java:535)
	at oracle.jdbc.driver.T4CPreparedStatement.doOall8(T4CPreparedStatement.java:238)
	at oracle.jdbc.driver.T4CPreparedStatement.executeForRows(T4CPreparedStatement.java:1385)
	at oracle.jdbc.driver.OracleStatement.doExecuteWithTimeout(OracleStatement.java:1709)
	at oracle.jdbc.driver.OraclePreparedStatement.executeInternal(OraclePreparedStatement.java:4364)
	at oracle.jdbc.driver.OraclePreparedStatement.executeUpdate(OraclePreparedStatement.java:4531)
	at oracle.jdbc.driver.OraclePreparedStatementWrapper.executeUpdate(OraclePreparedStatementWrapper.java:5575)
	at br.edu.opet.gastronomia.dao.UnidadeMedidaDao.delete(UnidadeMedidaDao.java:187)
	at br.edu.opet.gastronomia.controller.UnidadeMedidaController.remover(UnidadeMedidaController.java:67)
	at br.edu.opet.gastronomia.teste.UnidadeMedidaControllerTeste.main(UnidadeMedidaControllerTeste.java:180)
SQLState.. :42000
Error Code :942
SQLState(42000) vendor code(942)
java.sql.SQLSyntaxErrorException: ORA-00942: a tabela ou view não existe

	at oracle.jdbc.driver.SQLStateMapping.newSQLException(SQLStateMapping.java:256)
	at oracle.jdbc.driver.DatabaseError.newSQLException(DatabaseError.java:193)
	at oracle.jdbc.driver.DatabaseError.createSqlException(DatabaseError.java:364)
	at oracle.jdbc.driver.T4CTTIoer.processError(T4CTTIoer.java:451)
	at oracle.jdbc.driver.T4CTTIoer.processError(T4CTTIoer.java:400)
	at oracle.jdbc.driver.T4C8Oall.processError(T4C8Oall.java:884)
	at oracle.jdbc.driver.T4CTTIfun.receive(T4CTTIfun.java:471)
	at oracle.jdbc.driver.T4CTTIfun.doRPC(T4CTTIfun.java:199)
	at oracle.jdbc.driver.T4C8Oall.doOALL(T4C8Oall.java:535)
	at oracle.jdbc.driver.T4CPreparedStatement.doOall8(T4CPreparedStatement.java:238)
	at oracle.jdbc.driver.T4CPreparedStatement.executeForRows(T4CPreparedStatement.java:1385)
	at oracle.jdbc.driver.OracleStatement.doExecuteWithTimeout(OracleStatement.java:1709)
	at oracle.jdbc.driver.OraclePreparedStatement.executeInternal(OraclePreparedStatement.java:4364)
	at oracle.jdbc.driver.OraclePreparedStatement.executeUpdate(OraclePreparedStatement.java:4531)
	at oracle.jdbc.driver.OraclePreparedStatementWrapper.executeUpdate(OraclePreparedStatementWrapper.java:5575)
	at br.edu.opet.gastronomia.dao.UnidadeMedidaDao.delete(UnidadeMedidaDao.java:187)
	at br.edu.opet.gastronomia.controller.UnidadeMedidaController.remover(UnidadeMedidaController.java:67)
	at br.edu.opet.gastronomia.teste.UnidadeMedidaControllerTeste.main(UnidadeMedidaControllerTeste.java:185)
SQLState.. :42000
Error Code :942
SQLState(42000) vendor code(942)
java.sql.SQLSyntaxErrorException: ORA-00942: a tabela ou view não existe

	at oracle.jdbc.driver.SQLStateMapping.newSQLException(SQLStateMapping.java:256)
	at oracle.jdbc.driver.DatabaseError.newSQLException(DatabaseError.java:193)
	at oracle.jdbc.driver.DatabaseError.createSqlException(DatabaseError.java:364)
	at oracle.jdbc.driver.T4CTTIoer.processError(T4CTTIoer.java:451)
	at oracle.jdbc.driver.T4CTTIoer.processError(T4CTTIoer.java:400)
	at oracle.jdbc.driver.T4C8Oall.processError(T4C8Oall.java:884)
	at oracle.jdbc.driver.T4CTTIfun.receive(T4CTTIfun.java:471)
	at oracle.jdbc.driver.T4CTTIfun.doRPC(T4CTTIfun.java:199)
	at oracle.jdbc.driver.T4C8Oall.doOALL(T4C8Oall.java:535)
	at oracle.jdbc.driver.T4CPreparedStatement.doOall8(T4CPreparedStatement.java:238)
	at oracle.jdbc.driver.T4CPreparedStatement.executeForRows(T4CPreparedStatement.java:1385)
	at oracle.jdbc.driver.OracleStatement.doExecuteWithTimeout(OracleStatement.java:1709)
	at oracle.jdbc.driver.OraclePreparedStatement.executeInternal(OraclePreparedStatement.java:4364)
	at oracle.jdbc.driver.OraclePreparedStatement.executeUpdate(OraclePreparedStatement.java:4531)
	at oracle.jdbc.driver.OraclePreparedStatementWrapper.executeUpdate(OraclePreparedStatementWrapper.java:5575)
	at br.edu.opet.gastronomia.dao.UnidadeMedidaDao.delete(UnidadeMedidaDao.java:187)
	at br.edu.opet.gastronomia.controller.UnidadeMedidaController.remover(UnidadeMedidaController.java:67)
	at br.edu.opet.gastronomia.teste.UnidadeMedidaControllerTeste.main(UnidadeMedidaControllerTeste.java:193)
SQLState.. :42000
Error Code :942
